
Wed 13 Mar 2024 08:35:53 PM UTC: 
 tests:  0|7
total_score: 0/70
e14809f
Wed 13 Mar 2024 08:41:43 PM UTC: 
 exercises.c | 14 +++++++++++++-
 1 file changed, 13 insertions(+), 1 deletion(-)
test.c: In function ‘test_findMax’:
test.c:91:18: error: implicit declaration of function ‘findMax’; did you mean ‘find_max’? [-Werror=implicit-function-declaration]
   91 |     int result = findMax(arr, size);
      |                  ^~~~~~~
      |                  find_max
cc1: all warnings being treated as errors
Compilation failed
0cf467c
Wed 13 Mar 2024 08:44:03 PM UTC: 
 exercises.c | 3 ++-
 1 file changed, 2 insertions(+), 1 deletion(-)
test.c: In function ‘test_findMax’:
test.c:91:18: error: implicit declaration of function ‘findMax’; did you mean ‘find_max’? [-Werror=implicit-function-declaration]
   91 |     int result = findMax(arr, size);
      |                  ^~~~~~~
      |                  find_max
cc1: all warnings being treated as errors
Compilation failed
4597643
Wed 13 Mar 2024 08:48:08 PM UTC: 
 exercises.c | 7 ++++++-
 1 file changed, 6 insertions(+), 1 deletion(-)
test.c: In function ‘test_findMax’:
test.c:91:18: error: implicit declaration of function ‘findMax’; did you mean ‘find_max’? [-Werror=implicit-function-declaration]
   91 |     int result = findMax(arr, size);
      |                  ^~~~~~~
      |                  find_max
cc1: all warnings being treated as errors
Compilation failed
9eb2105
Wed 13 Mar 2024 08:49:03 PM UTC: 
 exercises.c | 2 +-
 1 file changed, 1 insertion(+), 1 deletion(-)
test.c: In function ‘test_findMax’:
test.c:91:18: error: implicit declaration of function ‘findMax’; did you mean ‘findmax’? [-Werror=implicit-function-declaration]
   91 |     int result = findMax(arr, size);
      |                  ^~~~~~~
      |                  findmax
cc1: all warnings being treated as errors
Compilation failed
9ba5245
Wed 13 Mar 2024 08:49:11 PM UTC: 
 exercises.c | 2 +-
 1 file changed, 1 insertion(+), 1 deletion(-)
 tests:  0|6
total_score: 10/70
c8186fe
Wed 13 Mar 2024 08:53:57 PM UTC: 
 exercises.c | 11 ++++++++---
 1 file changed, 8 insertions(+), 3 deletions(-)
In file included from test.c:1:
exercises.c: In function ‘reverseArray’:
exercises.c:35:7: error: variable ‘nuevoArr’ set but not used [-Werror=unused-but-set-variable]
   35 |   int nuevoArr[size];
      |       ^~~~~~~~
exercises.c:34:7: error: unused variable ‘temp’ [-Werror=unused-variable]
   34 |   int temp = arr[size];
      |       ^~~~
cc1: all warnings being treated as errors
Compilation failed
0721ee4
Wed 13 Mar 2024 08:54:19 PM UTC: 
 exercises.c | 1 -
 1 file changed, 1 deletion(-)
In file included from test.c:1:
exercises.c: In function ‘reverseArray’:
exercises.c:34:7: error: variable ‘nuevoArr’ set but not used [-Werror=unused-but-set-variable]
   34 |   int nuevoArr[size];
      |       ^~~~~~~~
cc1: all warnings being treated as errors
Compilation failed
538acb5
Wed 13 Mar 2024 09:02:56 PM UTC: 
 exercises.c | 12 +++++++-----
 1 file changed, 7 insertions(+), 5 deletions(-)
 tests:  0|6
total_score: 10/70
a15c532
Wed 13 Mar 2024 09:11:28 PM UTC: 
 exercises.c | 13 ++++++-------
 1 file changed, 6 insertions(+), 7 deletions(-)
In file included from test.c:1:
exercises.c: In function ‘reverseArray’:
exercises.c:41:3: error: ‘array’ undeclared (first use in this function); did you mean ‘arr’?
   41 |   array = tempArray;
      |   ^~~~~
      |   arr
exercises.c:41:3: note: each undeclared identifier is reported only once for each function it appears in
Compilation failed
ed1e4f6
Wed 13 Mar 2024 09:11:34 PM UTC: 
 exercises.c | 2 +-
 1 file changed, 1 insertion(+), 1 deletion(-)
 tests:  0|6
total_score: 10/70
b1473db
Wed 13 Mar 2024 09:13:37 PM UTC: 
 exercises.c | 2 +-
 1 file changed, 1 insertion(+), 1 deletion(-)
In file included from test.c:1:
exercises.c: In function ‘reverseArray’:
exercises.c:41:7: error: expected expression before ‘]’ token
   41 |   arr[] = tempArray[];
      |       ^
exercises.c:34:7: error: variable ‘tempArray’ set but not used [-Werror=unused-but-set-variable]
   34 |   int tempArray[size];
      |       ^~~~~~~~~
cc1: all warnings being treated as errors
Compilation failed
a820670
Wed 13 Mar 2024 09:13:55 PM UTC: 
 exercises.c | 6 +++---
 1 file changed, 3 insertions(+), 3 deletions(-)
 tests:  0|6
total_score: 10/70
8cd0f3c
Wed 13 Mar 2024 09:18:41 PM UTC: 
 exercises.c | 2 +-
 1 file changed, 1 insertion(+), 1 deletion(-)
In file included from test.c:1:
exercises.c: In function ‘reverseArray’:
exercises.c:41:12: error: assignment to ‘int’ from ‘void *’ makes integer from pointer without a cast [-Werror=int-conversion]
   41 |   *tempArr = malloc(sizeof(int) * size);
      |            ^
cc1: all warnings being treated as errors
Compilation failed
5a08a10
Wed 13 Mar 2024 09:19:02 PM UTC: 
 exercises.c | 2 +-
 1 file changed, 1 insertion(+), 1 deletion(-)
In file included from test.c:1:
exercises.c: In function ‘reverseArray’:
exercises.c:41:12: error: assignment to ‘int’ from ‘int *’ makes integer from pointer without a cast [-Werror=int-conversion]
   41 |   *tempArr = (int*) malloc(sizeof(int) * size);
      |            ^
cc1: all warnings being treated as errors
Compilation failed
e0e5166
Wed 13 Mar 2024 09:19:21 PM UTC: 
 exercises.c | 2 +-
 1 file changed, 1 insertion(+), 1 deletion(-)
In file included from test.c:1:
exercises.c: In function ‘reverseArray’:
exercises.c:41:3: error: cast to pointer from integer of different size [-Werror=int-to-pointer-cast]
   41 |   (int*) *tempArr =  malloc(sizeof(int) * size);
      |   ^
exercises.c:41:19: error: lvalue required as left operand of assignment
   41 |   (int*) *tempArr =  malloc(sizeof(int) * size);
      |                   ^
cc1: all warnings being treated as errors
Compilation failed
b307b4a
Sat 16 Mar 2024 03:03:13 PM UTC: 
 exercises.c | 13 +++++++------
 1 file changed, 7 insertions(+), 6 deletions(-)
 tests:  0|6
total_score: 10/70
6bb79f7
Sat 16 Mar 2024 03:06:15 PM UTC: 
 exercises.c | 8 +++-----
 1 file changed, 3 insertions(+), 5 deletions(-)
 tests:  0|5
total_score: 20/70
2479073
Sat 16 Mar 2024 03:15:54 PM UTC: 
 exercises.c | 26 +++++++++++++++++++++++++-
 1 file changed, 25 insertions(+), 1 deletion(-)
 tests:  0|4
total_score: 30/70
d065db6
Sat 16 Mar 2024 03:17:12 PM UTC: 
 exercises.c | 3 ++-
 1 file changed, 2 insertions(+), 1 deletion(-)
In file included from test.c:1:
exercises.c: In function ‘filterEvenNumbers’:
exercises.c:66:7: error: this ‘if’ clause does not guard... [-Werror=misleading-indentation]
   66 |       if(arr[i] % 2 == 0)
      |       ^~
exercises.c:68:9: note: ...this statement, but the latter is misleadingly indented as if it were guarded by the ‘if’
   68 |         nuevoArr[k] = arr[i];
      |         ^~~~~~~~
cc1: all warnings being treated as errors
Compilation failed
3a119a8
Sat 16 Mar 2024 03:17:34 PM UTC: 
 exercises.c | 2 ++
 1 file changed, 2 insertions(+)
 tests:  0|5
total_score: 20/70
7894def
Sat 16 Mar 2024 03:18:15 PM UTC: 
 exercises.c | 5 +----
 1 file changed, 1 insertion(+), 4 deletions(-)
 tests:  0|4
total_score: 30/70
d3228a0
Sat 16 Mar 2024 03:29:26 PM UTC: 
 exercises.c | 20 +++++++++++++++++++-
 1 file changed, 19 insertions(+), 1 deletion(-)
In file included from test.c:1:
exercises.c: In function ‘mergeSortedArrays’:
exercises.c:86:17: error: statement with no effect [-Werror=unused-value]
   86 |   for(i < size1 && k < size2)
      |       ~~~~~~~~~~^~~~~~~~~~~~
exercises.c:86:29: error: expected ‘;’ before ‘)’ token
   86 |   for(i < size1 && k < size2)
      |                             ^
      |                             ;
exercises.c:86:29: error: expected expression before ‘)’ token
cc1: all warnings being treated as errors
Compilation failed
998eee9
Sat 16 Mar 2024 03:30:35 PM UTC: 
 exercises.c | 2 +-
 1 file changed, 1 insertion(+), 1 deletion(-)
In file included from test.c:1:
exercises.c: In function ‘mergeSortedArrays’:
exercises.c:86:17: error: statement with no effect [-Werror=unused-value]
   86 |   for(i < size1 && k < size2;)
      |       ~~~~~~~~~~^~~~~~~~~~~~
exercises.c:86:30: error: expected expression before ‘)’ token
   86 |   for(i < size1 && k < size2;)
      |                              ^
cc1: all warnings being treated as errors
Compilation failed
4504e24
Sat 16 Mar 2024 03:32:33 PM UTC: 
 exercises.c | 16 +++++-----------
 1 file changed, 5 insertions(+), 11 deletions(-)
 tests:  0|4
total_score: 30/70
723f31e
Sat 16 Mar 2024 03:33:55 PM UTC: 
 exercises.c | 6 ++++++
 1 file changed, 6 insertions(+)
In file included from test.c:1:
exercises.c: In function ‘mergeSortedArrays’:
exercises.c:99:25: error: operation on ‘k’ may be undefined [-Werror=sequence-point]
   99 |     result[k++] = arr2[k++];
      |                        ~^~
cc1: all warnings being treated as errors
Compilation failed
4995fef
Sat 16 Mar 2024 03:34:14 PM UTC: 
 exercises.c | 2 +-
 1 file changed, 1 insertion(+), 1 deletion(-)
 tests:  0|4
total_score: 30/70
5639130
Sat 16 Mar 2024 03:34:38 PM UTC: 
 exercises.c | 2 +-
 1 file changed, 1 insertion(+), 1 deletion(-)
 tests:  0|4
total_score: 30/70
12b441c
Sat 16 Mar 2024 03:35:12 PM UTC: 
 exercises.c | 27 +++++++++++++++------------
 1 file changed, 15 insertions(+), 12 deletions(-)
In file included from test.c:1:
exercises.c: In function ‘mergeSortedArrays’:
exercises.c:83:4: error: parameter ‘i’ is initialized
   83 |    int i = 0, j = 0, k = 0;
      |    ^~~
exercises.c:83:4: error: parameter ‘j’ is initialized
exercises.c:83:4: error: parameter ‘k’ is initialized
exercises.c:86:5: error: expected declaration specifiers before ‘while’
   86 |     while (i < size1 && j < size2) {
      |     ^~~~~
exercises.c:95:5: error: expected declaration specifiers before ‘while’
   95 |     while (i < size1) {
      |     ^~~~~
exercises.c:100:5: error: expected declaration specifiers before ‘while’
  100 |     while (j < size2) {
      |     ^~~~~
exercises.c:103:1: error: expected declaration specifiers before ‘}’ token
  103 | }
      | ^
exercises.c:111:38: error: expected ‘=’, ‘,’, ‘;’, ‘asm’ or ‘__attribute__’ before ‘{’ token
  111 | int checkSorted(int arr[], int size) { return -2; }
      |                                      ^
exercises.c:124:3: error: storage class specified for parameter ‘Autor’
  124 | } Autor;
      |   ^~~~~
exercises.c:128:3: error: expected specifier-qualifier-list before ‘Autor’
  128 |   Autor autor;
      |   ^~~~~
exercises.c:130:3: error: storage class specified for parameter ‘Libro’
  130 | } Libro;
      |   ^~~~~
exercises.c:132:23: error: expected declaration specifiers or ‘...’ before ‘Libro’
  132 | void inicializarLibro(Libro *libro, const char *titulo, const char *nombreAutor,
      |                       ^~~~~
exercises.c:149:3: error: storage class specified for parameter ‘Nodo’
  149 | } Nodo;
      |   ^~~~
exercises.c:151:1: error: expected declaration specifiers before ‘Nodo’
  151 | Nodo *crearListaEnlazada(int arr[], int size) { return NULL; }
      | ^~~~
In file included from test.c:5:
/nix/store/4pqv2mwdn88h7xvsm7a5zplrd8sxzvw0-glibc-2.35-163-dev/include/time.h:72:16: error: storage class specified for parameter ‘clock’
   72 | extern clock_t clock (void) __THROW;
      |                ^~~~~
/nix/store/4pqv2mwdn88h7xvsm7a5zplrd8sxzvw0-glibc-2.35-163-dev/include/time.h:76:15: error: storage class specified for parameter ‘time’
   76 | extern time_t time (time_t *__timer) __THROW;
      |               ^~~~
/nix/store/4pqv2mwdn88h7xvsm7a5zplrd8sxzvw0-glibc-2.35-163-dev/include/time.h:79:15: error: storage class specified for parameter ‘difftime’
   79 | extern double difftime (time_t __time1, time_t __time0)
      |               ^~~~~~~~
/nix/store/4pqv2mwdn88h7xvsm7a5zplrd8sxzvw0-glibc-2.35-163-dev/include/time.h:83:15: error: storage class specified for parameter ‘mktime’
   83 | extern time_t mktime (struct tm *__tp) __THROW;
      |               ^~~~~~
/nix/store/4pqv2mwdn88h7xvsm7a5zplrd8sxzvw0-glibc-2.35-163-dev/include/time.h:100:15: error: storage class specified for parameter ‘strftime’
  100 | extern size_t strftime (char *__restrict __s, size_t __maxsize,
      |               ^~~~~~~~
/nix/store/4pqv2mwdn88h7xvsm7a5zplrd8sxzvw0-glibc-2.35-163-dev/include/time.h:116:15: error: storage class specified for parameter ‘strftime_l’
  116 | extern size_t strftime_l (char *__restrict __s, size_t __maxsize,
      |               ^~~~~~~~~~
/nix/store/4pqv2mwdn88h7xvsm7a5zplrd8sxzvw0-glibc-2.35-163-dev/include/time.h:132:19: error: storage class specified for parameter ‘gmtime’
  132 | extern struct tm *gmtime (const time_t *__timer) __THROW;
      |                   ^~~~~~
/nix/store/4pqv2mwdn88h7xvsm7a5zplrd8sxzvw0-glibc-2.35-163-dev/include/time.h:136:19: error: storage class specified for parameter ‘localtime’
  136 | extern struct tm *localtime (const time_t *__timer) __THROW;
      |                   ^~~~~~~~~
/nix/store/4pqv2mwdn88h7xvsm7a5zplrd8sxzvw0-glibc-2.35-163-dev/include/time.h:154:19: error: storage class specified for parameter ‘gmtime_r’
  154 | extern struct tm *gmtime_r (const time_t *__restrict __timer,
      |                   ^~~~~~~~
/nix/store/4pqv2mwdn88h7xvsm7a5zplrd8sxzvw0-glibc-2.35-163-dev/include/time.h:159:19: error: storage class specified for parameter ‘localtime_r’
  159 | extern struct tm *localtime_r (const time_t *__restrict __timer,
      |                   ^~~~~~~~~~~
/nix/store/4pqv2mwdn88h7xvsm7a5zplrd8sxzvw0-glibc-2.35-163-dev/include/time.h:179:14: error: storage class specified for parameter ‘asctime’
  179 | extern char *asctime (const struct tm *__tp) __THROW;
      |              ^~~~~~~
/nix/store/4pqv2mwdn88h7xvsm7a5zplrd8sxzvw0-glibc-2.35-163-dev/include/time.h:183:14: error: storage class specified for parameter ‘ctime’
  183 | extern char *ctime (const time_t *__timer) __THROW;
      |              ^~~~~
/nix/store/4pqv2mwdn88h7xvsm7a5zplrd8sxzvw0-glibc-2.35-163-dev/include/time.h:197:14: error: storage class specified for parameter ‘asctime_r’
  197 | extern char *asctime_r (const struct tm *__restrict __tp,
      |              ^~~~~~~~~
/nix/store/4pqv2mwdn88h7xvsm7a5zplrd8sxzvw0-glibc-2.35-163-dev/include/time.h:202:14: error: storage class specified for parameter ‘ctime_r’
  202 | extern char *ctime_r (const time_t *__restrict __timer,
      |              ^~~~~~~
/nix/store/4pqv2mwdn88h7xvsm7a5zplrd8sxzvw0-glibc-2.35-163-dev/include/time.h:217:14: error: storage class specified for parameter ‘__tzname’
  217 | extern char *__tzname[2];       /* Current timezone names.  */
      |              ^~~~~~~~
/nix/store/4pqv2mwdn88h7xvsm7a5zplrd8sxzvw0-glibc-2.35-163-dev/include/time.h:218:12: error: storage class specified for parameter ‘__daylight’
  218 | extern int __daylight;          /* If daylight-saving time is ever in use.  */
      |            ^~~~~~~~~~
/nix/store/4pqv2mwdn88h7xvsm7a5zplrd8sxzvw0-glibc-2.35-163-dev/include/time.h:219:17: error: storage class specified for parameter ‘__timezone’
  219 | extern long int __timezone;     /* Seconds west of UTC.  */
      |                 ^~~~~~~~~~
/nix/store/4pqv2mwdn88h7xvsm7a5zplrd8sxzvw0-glibc-2.35-163-dev/include/time.h:224:14: error: storage class specified for parameter ‘tzname’
  224 | extern char *tzname[2];
      |              ^~~~~~
/nix/store/4pqv2mwdn88h7xvsm7a5zplrd8sxzvw0-glibc-2.35-163-dev/include/time.h:228:13: error: storage class specified for parameter ‘tzset’
  228 | extern void tzset (void) __THROW;
      |             ^~~~~
/nix/store/4pqv2mwdn88h7xvsm7a5zplrd8sxzvw0-glibc-2.35-163-dev/include/time.h:232:12: error: storage class specified for parameter ‘daylight’
  232 | extern int daylight;
      |            ^~~~~~~~
/nix/store/4pqv2mwdn88h7xvsm7a5zplrd8sxzvw0-glibc-2.35-163-dev/include/time.h:233:17: error: storage class specified for parameter ‘timezone’
  233 | extern long int timezone;
      |                 ^~~~~~~~
/nix/store/4pqv2mwdn88h7xvsm7a5zplrd8sxzvw0-glibc-2.35-163-dev/include/time.h:249:15: error: storage class specified for parameter ‘timegm’
  249 | extern time_t timegm (struct tm *__tp) __THROW;
      |               ^~~~~~
/nix/store/4pqv2mwdn88h7xvsm7a5zplrd8sxzvw0-glibc-2.35-163-dev/include/time.h:251:15: error: storage class specified for parameter ‘timelocal’
  251 | extern time_t timelocal (struct tm *__tp) __THROW;
      |               ^~~~~~~~~
/nix/store/4pqv2mwdn88h7xvsm7a5zplrd8sxzvw0-glibc-2.35-163-dev/include/time.h:262:12: error: storage class specified for parameter ‘dysize’
  262 | extern int dysize (int __year) __THROW  __attribute__ ((__const__));
      |            ^~~~~~
/nix/store/4pqv2mwdn88h7xvsm7a5zplrd8sxzvw0-glibc-2.35-163-dev/include/time.h:272:12: error: storage class specified for parameter ‘nanosleep’
  272 | extern int nanosleep (const struct timespec *__requested_time,
      |            ^~~~~~~~~
/nix/store/4pqv2mwdn88h7xvsm7a5zplrd8sxzvw0-glibc-2.35-163-dev/include/time.h:276:12: error: storage class specified for parameter ‘clock_getres’
  276 | extern int clock_getres (clockid_t __clock_id, struct timespec *__res) __THROW;
      |            ^~~~~~~~~~~~
/nix/store/4pqv2mwdn88h7xvsm7a5zplrd8sxzvw0-glibc-2.35-163-dev/include/time.h:279:12: error: storage class specified for parameter ‘clock_gettime’
  279 | extern int clock_gettime (clockid_t __clock_id, struct timespec *__tp) __THROW;
      |            ^~~~~~~~~~~~~
/nix/store/4pqv2mwdn88h7xvsm7a5zplrd8sxzvw0-glibc-2.35-163-dev/include/time.h:282:12: error: storage class specified for parameter ‘clock_settime’
  282 | extern int clock_settime (clockid_t __clock_id, const struct timespec *__tp)
      |            ^~~~~~~~~~~~~
/nix/store/4pqv2mwdn88h7xvsm7a5zplrd8sxzvw0-glibc-2.35-163-dev/include/time.h:311:12: error: storage class specified for parameter ‘clock_nanosleep’
  311 | extern int clock_nanosleep (clockid_t __clock_id, int __flags,
      |            ^~~~~~~~~~~~~~~
/nix/store/4pqv2mwdn88h7xvsm7a5zplrd8sxzvw0-glibc-2.35-163-dev/include/time.h:326:12: error: storage class specified for parameter ‘clock_getcpuclockid’
  326 | extern int clock_getcpuclockid (pid_t __pid, clockid_t *__clock_id) __THROW;
      |            ^~~~~~~~~~~~~~~~~~~
/nix/store/4pqv2mwdn88h7xvsm7a5zplrd8sxzvw0-glibc-2.35-163-dev/include/time.h:331:12: error: storage class specified for parameter ‘timer_create’
  331 | extern int timer_create (clockid_t __clock_id,
      |            ^~~~~~~~~~~~
/nix/store/4pqv2mwdn88h7xvsm7a5zplrd8sxzvw0-glibc-2.35-163-dev/include/time.h:336:12: error: storage class specified for parameter ‘timer_delete’
  336 | extern int timer_delete (timer_t __timerid) __THROW;
      |            ^~~~~~~~~~~~
/nix/store/4pqv2mwdn88h7xvsm7a5zplrd8sxzvw0-glibc-2.35-163-dev/include/time.h:340:12: error: storage class specified for parameter ‘timer_settime’
  340 | extern int timer_settime (timer_t __timerid, int __flags,
      |            ^~~~~~~~~~~~~
/nix/store/4pqv2mwdn88h7xvsm7a5zplrd8sxzvw0-glibc-2.35-163-dev/include/time.h:345:12: error: storage class specified for parameter ‘timer_gettime’
  345 | extern int timer_gettime (timer_t __timerid, struct itimerspec *__value)
      |            ^~~~~~~~~~~~~
/nix/store/4pqv2mwdn88h7xvsm7a5zplrd8sxzvw0-glibc-2.35-163-dev/include/time.h:364:12: error: storage class specified for parameter ‘timer_getoverrun’
  364 | extern int timer_getoverrun (timer_t __timerid) __THROW;
      |            ^~~~~~~~~~~~~~~~
/nix/store/4pqv2mwdn88h7xvsm7a5zplrd8sxzvw0-glibc-2.35-163-dev/include/time.h:371:12: error: storage class specified for parameter ‘timespec_get’
  371 | extern int timespec_get (struct timespec *__ts, int __base)
      |            ^~~~~~~~~~~~
test.c:8:1: error: parameter ‘test_id’ is initialized
    8 | int test_id = -1;
      | ^~~
test.c:11:77: error: expected ‘=’, ‘,’, ‘;’, ‘asm’ or ‘__attribute__’ before ‘{’ token
   11 | int test_suite(int (*test)(), char *msg, int max_score, int id, int req_id) {
      |                                                                             ^
test.c:29:39: error: expected ‘=’, ‘,’, ‘;’, ‘asm’ or ‘__attribute__’ before ‘{’ token
   29 | void print_array(int arr[], int size) {
      |                                       ^
test.c:37:24: error: expected declaration specifiers or ‘...’ before ‘Nodo’
   37 | void print_linked_list(Nodo* lista) {
      |                        ^~~~
test.c:47:41: error: expected ‘=’, ‘,’, ‘;’, ‘asm’ or ‘__attribute__’ before ‘{’ token
   47 | void readIntArray(int arr[], int *size) {
      |                                         ^
test.c:60:62: error: expected ‘=’, ‘,’, ‘;’, ‘asm’ or ‘__attribute__’ before ‘{’ token
   60 | void create_random_array(int arr[], int *size, int max_size) {
      |                                                              ^
test.c:69:85: error: expected ‘=’, ‘,’, ‘;’, ‘asm’ or ‘__attribute__’ before ‘{’ token
   69 | void create_random_sorted_array(int arr[], int *size, int max_size, int descending) {
      |                                                                                     ^
test.c:77:71: error: expected ‘=’, ‘,’, ‘;’, ‘asm’ or ‘__attribute__’ before ‘{’ token
   77 | void create_random_unsorted_array(int arr[], int *size, int max_size) {
      |                                                                       ^
test.c:86:20: error: expected ‘=’, ‘,’, ‘;’, ‘asm’ or ‘__attribute__’ before ‘{’ token
   86 | int test_findMax() {
      |                    ^
test.c:117:25: error: expected ‘=’, ‘,’, ‘;’, ‘asm’ or ‘__attribute__’ before ‘{’ token
  117 | int test_reverseArray() {
      |                         ^
test.c:144:30: error: expected ‘=’, ‘,’, ‘;’, ‘asm’ or ‘__attribute__’ before ‘{’ token
  144 | int test_filterEvenNumbers() {
      |                              ^
test.c:196:22: error: expected ‘=’, ‘,’, ‘;’, ‘asm’ or ‘__attribute__’ before ‘{’ token
  196 | int test_mergeSort() {
      |                      ^
test.c:250:24: error: expected ‘=’, ‘,’, ‘;’, ‘asm’ or ‘__attribute__’ before ‘{’ token
  250 | int test_checkSorted() {
      |                        ^
test.c:289:26: error: type defaults to ‘int’ in declaration of ‘Libro’ [-Werror=implicit-int]
  289 | void imprimirLibro(const Libro *libro) {
      |                          ^~~~~
test.c:289:32: error: expected ‘;’, ‘,’ or ‘)’ before ‘*’ token
  289 | void imprimirLibro(const Libro *libro) {
      |                                ^
test.c:295:23: error: expected ‘=’, ‘,’, ‘;’, ‘asm’ or ‘__attribute__’ before ‘{’ token
  295 | int test_biblioteca() {
      |                       ^
test.c:326:31: error: expected ‘=’, ‘,’, ‘;’, ‘asm’ or ‘__attribute__’ before ‘{’ token
  326 | int test_crearListaEnlazada() {
      |                               ^
test.c:382:34: error: expected ‘=’, ‘,’, ‘;’, ‘asm’ or ‘__attribute__’ before ‘{’ token
  382 | int main(int argc, char *argv[]) {
      |                                  ^
In file included from test.c:1:
exercises.c:81:6: error: old-style parameter declarations in prototyped function definition
   81 | void mergeSortedArrays(int arr1[], int size1, int arr2[], int size2,
      |      ^~~~~~~~~~~~~~~~~
test.c:411: error: expected ‘{’ at end of input
cc1: all warnings being treated as errors
Compilation failed
ead846d
Sat 16 Mar 2024 03:35:34 PM UTC: 
 exercises.c | 27 ++++++++++++---------------
 1 file changed, 12 insertions(+), 15 deletions(-)
 tests:  0|4
total_score: 30/70
2046bd4
Sat 16 Mar 2024 03:36:54 PM UTC: 
 exercises.c | 14 +++++++-------
 1 file changed, 7 insertions(+), 7 deletions(-)
 tests:  0|4
total_score: 30/70
419b12b
Sat 16 Mar 2024 03:38:22 PM UTC: 
 exercises.c | 4 ++--
 1 file changed, 2 insertions(+), 2 deletions(-)
 tests:  0|3
total_score: 40/70
adaa400
